<?xml version="1.0" encoding="UTF-8"?>
<!-- Generated by org.testng.reporters.JUnitXMLReporter -->
<testsuite hostname="CDPG9MKS02" name="Default test" tests="2" failures="0" timestamp="22 Oct 2015 02:49:26 GMT" time="0.232" errors="0">
  <testcase name="@BeforeTest sitenav" time="0.0" classname="com.cdp.Test">
    <failure type="org.testng.TestNGException" message="
Parameter &amp;apos;seleniumHost&amp;apos; is required by @Configuration on method sitenav but has not been marked @Optional or defined
in C:\Users\Jordan.Qiu\AppData\Local\Temp\testng-eclipse-1960025688\testng-customsuite.xml">
      <![CDATA[org.testng.TestNGException: 
Parameter 'seleniumHost' is required by @Configuration on method sitenav but has not been marked @Optional or defined
in C:\Users\Jordan.Qiu\AppData\Local\Temp\testng-eclipse-1960025688\testng-customsuite.xml
	at org.testng.internal.Parameters.createParameters(Parameters.java:148)
	at org.testng.internal.Parameters.createParameters(Parameters.java:361)
	at org.testng.internal.Parameters.createConfigurationParameters(Parameters.java:84)
	at org.testng.internal.Invoker.invokeConfigurations(Invoker.java:197)
	at org.testng.internal.Invoker.invokeConfigurations(Invoker.java:138)
	at org.testng.TestRunner.beforeRun(TestRunner.java:647)
	at org.testng.TestRunner.run(TestRunner.java:615)
	at org.testng.SuiteRunner.runTest(SuiteRunner.java:357)
	at org.testng.SuiteRunner.runSequentially(SuiteRunner.java:352)
	at org.testng.SuiteRunner.privateRun(SuiteRunner.java:310)
	at org.testng.SuiteRunner.run(SuiteRunner.java:259)
	at org.testng.SuiteRunnerWorker.runSuite(SuiteRunnerWorker.java:52)
	at org.testng.SuiteRunnerWorker.run(SuiteRunnerWorker.java:86)
	at org.testng.TestNG.runSuitesSequentially(TestNG.java:1185)
	at org.testng.TestNG.runSuitesLocally(TestNG.java:1110)
	at org.testng.TestNG.run(TestNG.java:1018)
	at org.testng.remote.RemoteTestNG.run(RemoteTestNG.java:111)
	at org.testng.remote.RemoteTestNG.initAndRun(RemoteTestNG.java:204)
	at org.testng.remote.RemoteTestNG.main(RemoteTestNG.java:175)
]]>
    </failure>
  </testcase> <!-- @BeforeTest sitenav -->
  <testcase name="enterSalaryMenu" time="0.0" classname="com.cdp.Test">
    <skipped/>
  </testcase> <!-- enterSalaryMenu -->
  <testcase name="enterTimeMenu" time="0.001" classname="com.cdp.Test">
    <skipped/>
  </testcase> <!-- enterTimeMenu -->
</testsuite> <!-- Default test -->
